Pipeline Project Log

The HCMV genome (NC_006273.2) has 169 CDS.

sample	donor	condition	min_tpm	med_tpm	mean_tpm	max_tpm
SRR5660030	Donor 1	2dpi	0.0	2032.64	5917.159750650887	92734.9
SRR5660045	Donor 3	6dpi	0.0	1072.05	5917.158902366865	476132.0
SRR5660033	Donor 1	6dpi	0.0	2043.34	5917.161371005916	220981.0
SRR5660044	Donor 3	2dpi	0.0	1953.51	5917.157264615385	257741.0

Running command: bowtie2-build ncbi_dataset/data/genomic.fna HCMV_bowtie_index
Running Bowtie2 for sample SRR5660030:
  bowtie2 -x HCMV_bowtie_index -1 /home/2025/hdapsauski/Pipeline_Project_Hillary_Dapsauski/original_data/SRR5660030_1.fastq -2 /home/2025/hdapsauski/Pipeline_Project_Hillary_Dapsauski/original_data/SRR5660030_2.fastq -S bowtie2_output/SRR5660030_bowtie2.sam
SRR5660030 had 9037148 read pairs before Bowtie2 filtering and 3672940 read pairs after.
Running Bowtie2 for sample SRR5660033:
  bowtie2 -x HCMV_bowtie_index -1 /home/2025/hdapsauski/Pipeline_Project_Hillary_Dapsauski/original_data/SRR5660033_1.fastq -2 /home/2025/hdapsauski/Pipeline_Project_Hillary_Dapsauski/original_data/SRR5660033_2.fastq -S bowtie2_output/SRR5660033_bowtie2.sam
SRR5660033 had 8018120 read pairs before Bowtie2 filtering and 2868934 read pairs after.
Running Bowtie2 for sample SRR5660044:
  bowtie2 -x HCMV_bowtie_index -1 /home/2025/hdapsauski/Pipeline_Project_Hillary_Dapsauski/original_data/SRR5660044_1.fastq -2 /home/2025/hdapsauski/Pipeline_Project_Hillary_Dapsauski/original_data/SRR5660044_2.fastq -S bowtie2_output/SRR5660044_bowtie2.sam
SRR5660044 had 10921032 read pairs before Bowtie2 filtering and 4011844 read pairs after.
Running Bowtie2 for sample SRR5660045:
  bowtie2 -x HCMV_bowtie_index -1 /home/2025/hdapsauski/Pipeline_Project_Hillary_Dapsauski/original_data/SRR5660045_1.fastq -2 /home/2025/hdapsauski/Pipeline_Project_Hillary_Dapsauski/original_data/SRR5660045_2.fastq -S bowtie2_output/SRR5660045_bowtie2.sam
SRR5660045 had 9907556 read pairs before Bowtie2 filtering and 2652291 read pairs after.

spades.py -k 77 -t 2 --only-assembler --pe-1 1 bowtie2_output/SRR5660030_1.fastq --pe-2 1 bowtie2_output/SRR5660030_2.fastq --pe-1 2 bowtie2_output/SRR5660033_1.fastq  --pe-2 2 bowtie2_output/SRR5660033_2.fastq -o spades_output/Donor1
spades.py -k 77 -t 2 --only-assembler --pe-1 1 bowtie2_output/SRR5660044_1.fastq --pe-2 1 bowtie2_output/SRR5660044_2.fastq --pe-1 2 bowtie2_output/SRR5660045_1.fastq  --pe-2 2 bowtie2_output/SRR5660045_2.fastq -o spades_output/Donor3
Donor1 BLAST results:
sacc	pident	length	qstart	qend	sstart	send	bitscore	evalue	stitle
NC_006273.2,98.262,1381,13,1393,48445,49825,2418,0.0,NC_006273.2 Human herpesvirus 5 strain Merlin, complete genome
NC_006273.2,91.661,1523,1390,2904,49925,51445,2100,0.0,NC_006273.2 Human herpesvirus 5 strain Merlin, complete genome
NC_003521.1,78.132,1253,177,1403,46073,47316,763,0.0,NC_003521.1 Panine herpesvirus 2 strain Heberling, complete genome
NC_003521.1,72.527,273,1686,1951,47729,47995,76.8,1.21e-13,NC_003521.1 Panine herpesvirus 2 strain Heberling, complete genome

Donor3 BLAST results:
sacc	pident	length	qstart	qend	sstart	send	bitscore	evalue	stitle
NC_006273.2,99.336,6171,1,6171,125224,131394,11169,0.0,NC_006273.2 Human herpesvirus 5 strain Merlin, complete genome
NC_003521.1,83.327,2831,1923,4748,127219,130007,2569,0.0,NC_003521.1 Panine herpesvirus 2 strain Heberling, complete genome
NC_003521.1,84.719,1564,264,1823,125512,127071,1557,0.0,NC_003521.1 Panine herpesvirus 2 strain Heberling, complete genome
NC_003521.1,81.085,682,4781,5456,130078,130753,534,3.53e-151,NC_003521.1 Panine herpesvirus 2 strain Heberling, complete genome
NC_075417.1,74.642,2516,1913,4398,107896,105410,1057,0.0,NC_075417.1 Mandrillus leucophaeus cytomegalovirus isolate OCOM6-2, complete genome
NC_075417.1,76.897,1463,266,1719,109466,108012,813,0.0,NC_075417.1 Mandrillus leucophaeus cytomegalovirus isolate OCOM6-2, complete genome
NC_033176.1,74.260,2467,1943,4386,115749,118190,994,0.0,NC_033176.1 Cynomolgus cytomegalovirus isolate 31908, complete genome
NC_006150.1,74.153,2449,1960,4386,117042,119468,976,0.0,NC_006150.1 Macacine herpesvirus 3, complete genome
NC_012783.2,74.112,2507,1918,4392,115975,118447,974,0.0,NC_012783.2 Cercopithecine herpesvirus 5 strain 2715, complete genome
NC_016154.1,73.878,2450,1960,4386,110772,113198,937,0.0,NC_016154.1 Cynomolgus macaque cytomegalovirus strain Ottawa, complete genome
NC_002512.2,89.796,49,3003,3051,114170,114217,62.1,7.21e-09,NC_002512.2 Rat cytomegalovirus Maastricht, complete genome

